<?xml version="1.0" encoding="UTF-8"?>
<!-- Generated by org.testng.reporters.JUnitReportReporter -->
<testsuite hostname="Teja-PC" name="Example.NewTest" tests="1" failures="0" timestamp="2 Oct 2017 15:44:35 GMT" time="1302.345" errors="0">
  <testcase name="testEasy" time="1302.345" classname="Example.NewTest"/>
</testsuite> <!-- Example.NewTest -->
